<?xml version="1.0" encoding="UTF-8"?>
<!-- Generated by org.testng.reporters.JUnitReportReporter -->
<testsuite hostname="LAPTOP-LP9QG413" failures="0" tests="2" name="maven.ndjanuary.AmazonCartTest" time="0.032" errors="0" timestamp="2021-01-15T20:44:36 EST" skipped="0">
  <testcase classname="maven.ndjanuary.AmazonCartTest" name="buyItems" time="0.031"/>
  <system-out/>
  <testcase classname="maven.ndjanuary.AmazonCartTest" name="buyelEctronics" time="0.001"/>
  <system-out/>
</testsuite> <!-- maven.ndjanuary.AmazonCartTest -->
