<?xml version="1.0" encoding="UTF-8"?>
<!-- Generated by org.testng.reporters.JUnitReportReporter -->
<testsuite hostname="LAPTOP-LP9QG413" failures="0" tests="3" name="maven.ndjanuary.AmazonLoginTest" time="0.003" errors="0" timestamp="2021-01-14T21:04:44 EST" skipped="0">
  <testcase classname="maven.ndjanuary.AmazonLoginTest" name="amazonLogin" time="0.001"/>
  <system-out/>
  <testcase classname="maven.ndjanuary.AmazonLoginTest" name="adminLogin" time="0.001"/>
  <system-out/>
  <testcase classname="maven.ndjanuary.AmazonLoginTest" name="clinetlogin" time="0.001"/>
  <system-out/>
</testsuite> <!-- maven.ndjanuary.AmazonLoginTest -->
