<?xml version="1.0" encoding="UTF-8"?>
<!-- Generated by org.testng.reporters.JUnitReportReporter -->
<testsuite hostname="LAPTOP-LP9QG413" failures="0" tests="1" name="maven.ndjanuary.Amazon_Registration_Test" time="0.001" errors="0" timestamp="2021-01-14T21:04:44 EST" skipped="0">
  <testcase classname="maven.ndjanuary.Amazon_Registration_Test" name="registration" time="0.001"/>
  <system-out/>
</testsuite> <!-- maven.ndjanuary.Amazon_Registration_Test -->
