<?xml version="1.0" encoding="UTF-8"?>
<!-- Generated by org.testng.reporters.JUnitReportReporter -->
<testsuite hostname="LAPTOP-LP9QG413" failures="0" tests="3" name="maven.ndjanuary.AmazonLoginTest" time="0.000" errors="0" timestamp="2021-03-23T20:37:34 EDT" skipped="0">
  <testcase classname="maven.ndjanuary.AmazonLoginTest" name="clinetlogin" time="0.000"/>
  <system-out/>
  <testcase classname="maven.ndjanuary.AmazonLoginTest" name="adminLogin" time="0.000"/>
  <system-out/>
  <testcase classname="maven.ndjanuary.AmazonLoginTest" name="amazonLogin" time="0.000"/>
  <system-out/>
</testsuite> <!-- maven.ndjanuary.AmazonLoginTest -->
