<?xml version="1.0" encoding="UTF-8"?>
<!-- Generated by org.testng.reporters.JUnitReportReporter -->
<testsuite hostname="LAPTOP-LP9QG413" failures="0" tests="2" name="maven.ndjanuary.AmazonCartTest" time="0.004" errors="0" timestamp="2021-03-23T20:37:34 EDT" skipped="0">
  <testcase classname="maven.ndjanuary.AmazonCartTest" name="buyItems" time="0.004"/>
  <system-out/>
  <testcase classname="maven.ndjanuary.AmazonCartTest" name="buyelEctronics" time="0.000"/>
  <system-out/>
</testsuite> <!-- maven.ndjanuary.AmazonCartTest -->
